<?xml version="1.0" encoding="UTF-8"?>
<!-- Generated by org.testng.reporters.JUnitXMLReporter -->
<testsuite ignored="0" hostname="Affan-family" failures="0" tests="7" name="AndroidDeviceTest" time="173.629" errors="0" timestamp="2026-08-19T15:49:41 EDT">
  <testcase classname="testCases.LaunchApp" name="LaunchAppTest" time="4.516"/>
  <testcase classname="testCases.LetsShop" name="LetsShopTest" time="7.4"/>
  <testcase classname="testCases.CompletePurchase" name="CompletePurchaseTest" time="27.368"/>
  <testcase classname="testCases.AddToCart" name="AddToCartTest" time="15.817"/>
  <testcase classname="testCases.TermsAndConditions" name="AddToCartTest" time="15.174"/>
  <testcase classname="testCases.ValidateToastMessage" name="ValidateToastMessageTest" time="5.091"/>
  <testcase classname="testCases.ShopSelectingUnitedStates" name="LetsShopTest" time="58.114"/>
</testsuite> <!-- AndroidDeviceTest -->
