<?xml version="1.0" encoding="UTF-8"?>
<!-- Generated by org.testng.reporters.JUnitXMLReporter -->
<testsuite ignored="0" hostname="Affan-family" failures="0" tests="7" name="AndroidDeviceTest" time="179.461" errors="0" timestamp="2026-08-19T15:43:47 EDT">
  <testcase classname="testCases.LaunchApp" name="LaunchAppTest" time="4.44"/>
  <testcase classname="testCases.LetsShop" name="LetsShopTest" time="6.864"/>
  <testcase classname="testCases.CompletePurchase" name="CompletePurchaseTest" time="24.627"/>
  <testcase classname="testCases.AddToCart" name="AddToCartTest" time="16.281"/>
  <testcase classname="testCases.TermsAndConditions" name="AddToCartTest" time="16.957"/>
  <testcase classname="testCases.ValidateToastMessage" name="ValidateToastMessageTest" time="5.131"/>
  <testcase classname="testCases.ShopSelectingUnitedStates" name="LetsShopTest" time="58.66"/>
</testsuite> <!-- AndroidDeviceTest -->
