<?xml version="1.0" encoding="UTF-8"?>
<testng-results ignored="0" total="7" passed="7" failed="0" skipped="0">
  <reporter-output>
  </reporter-output>
  <suite started-at="2026-08-19T15:40:47 EDT" name="Suite" finished-at="2026-08-19T15:43:47 EDT" duration-ms="179461">
    <groups>
    </groups>
    <test started-at="2026-08-19T15:40:47 EDT" name="AndroidDeviceTest" finished-at="2026-08-19T15:43:47 EDT" duration-ms="179461">
      <class name="testCases.ShopSelectingUnitedStates">
        <test-method is-config="true" signature="ConfigureAppium(java.lang.String,java.lang.String)[pri:0, instance:testCases.ShopSelectingUnitedStates@4ae9cfc1]" started-at="2026-08-19T15:42:43 EDT" name="ConfigureAppium" finished-at="2026-08-19T15:42:48 EDT" duration-ms="4241" status="PASS">
          <params>
            <param index="0">
              <value>
                <![CDATA[emulator-5554]]>
              </value>
            </param>
            <param index="1">
              <value>
                <![CDATA[8200]]>
              </value>
            </param>
          </params>
          <reporter-output>
          </reporter-output>
        </test-method> <!-- ConfigureAppium -->
        <test-method signature="LetsShopTest()[pri:0, instance:testCases.ShopSelectingUnitedStates@4ae9cfc1]" started-at="2026-08-19T15:42:48 EDT" name="LetsShopTest" finished-at="2026-08-19T15:43:46 EDT" duration-ms="58660" status="PASS">
          <reporter-output>
          </reporter-output>
        </test-method> <!-- LetsShopTest -->
        <test-method is-config="true" signature="tearDown()[pri:0, instance:testCases.ShopSelectingUnitedStates@4ae9cfc1]" started-at="2026-08-19T15:43:46 EDT" name="tearDown" finished-at="2026-08-19T15:43:47 EDT" duration-ms="515" status="PASS">
          <reporter-output>
          </reporter-output>
        </test-method> <!-- tearDown -->
      </class> <!-- testCases.ShopSelectingUnitedStates -->
      <class name="testCases.TermsAndConditions">
        <test-method is-config="true" signature="ConfigureAppium(java.lang.String,java.lang.String)[pri:0, instance:testCases.TermsAndConditions@5a2d131d]" started-at="2026-08-19T15:42:12 EDT" name="ConfigureAppium" finished-at="2026-08-19T15:42:16 EDT" duration-ms="4314" status="PASS">
          <params>
            <param index="0">
              <value>
                <![CDATA[emulator-5554]]>
              </value>
            </param>
            <param index="1">
              <value>
                <![CDATA[8200]]>
              </value>
            </param>
          </params>
          <reporter-output>
          </reporter-output>
        </test-method> <!-- ConfigureAppium -->
        <test-method signature="AddToCartTest()[pri:0, instance:testCases.TermsAndConditions@5a2d131d]" started-at="2026-08-19T15:42:16 EDT" name="AddToCartTest" finished-at="2026-08-19T15:42:33 EDT" duration-ms="16957" status="PASS">
          <reporter-output>
          </reporter-output>
        </test-method> <!-- AddToCartTest -->
        <test-method is-config="true" signature="tearDown()[pri:0, instance:testCases.TermsAndConditions@5a2d131d]" started-at="2026-08-19T15:42:33 EDT" name="tearDown" finished-at="2026-08-19T15:42:33 EDT" duration-ms="538" status="PASS">
          <reporter-output>
          </reporter-output>
        </test-method> <!-- tearDown -->
      </class> <!-- testCases.TermsAndConditions -->
      <class name="testCases.LaunchApp">
        <test-method is-config="true" signature="ConfigureAppium(java.lang.String,java.lang.String)[pri:0, instance:testCases.LaunchApp@ca30bc1]" started-at="2026-08-19T15:40:48 EDT" name="ConfigureAppium" finished-at="2026-08-19T15:41:03 EDT" duration-ms="14991" status="PASS">
          <params>
            <param index="0">
              <value>
                <![CDATA[emulator-5554]]>
              </value>
            </param>
            <param index="1">
              <value>
                <![CDATA[8200]]>
              </value>
            </param>
          </params>
          <reporter-output>
          </reporter-output>
        </test-method> <!-- ConfigureAppium -->
        <test-method signature="LaunchAppTest()[pri:0, instance:testCases.LaunchApp@ca30bc1]" started-at="2026-08-19T15:41:03 EDT" name="LaunchAppTest" finished-at="2026-08-19T15:41:07 EDT" duration-ms="4440" status="PASS">
          <reporter-output>
          </reporter-output>
        </test-method> <!-- LaunchAppTest -->
        <test-method is-config="true" signature="tearDown()[pri:0, instance:testCases.LaunchApp@ca30bc1]" started-at="2026-08-19T15:41:07 EDT" name="tearDown" finished-at="2026-08-19T15:41:08 EDT" duration-ms="1096" status="PASS">
          <reporter-output>
          </reporter-output>
        </test-method> <!-- tearDown -->
      </class> <!-- testCases.LaunchApp -->
      <class name="testCases.AddToCart">
        <test-method is-config="true" signature="ConfigureAppium(java.lang.String,java.lang.String)[pri:0, instance:testCases.AddToCart@60df60da]" started-at="2026-08-19T15:41:50 EDT" name="ConfigureAppium" finished-at="2026-08-19T15:41:55 EDT" duration-ms="5218" status="PASS">
          <params>
            <param index="0">
              <value>
                <![CDATA[emulator-5554]]>
              </value>
            </param>
            <param index="1">
              <value>
                <![CDATA[8200]]>
              </value>
            </param>
          </params>
          <reporter-output>
          </reporter-output>
        </test-method> <!-- ConfigureAppium -->
        <test-method signature="AddToCartTest()[pri:0, instance:testCases.AddToCart@60df60da]" started-at="2026-08-19T15:41:55 EDT" name="AddToCartTest" finished-at="2026-08-19T15:42:11 EDT" duration-ms="16281" status="PASS">
          <reporter-output>
          </reporter-output>
        </test-method> <!-- AddToCartTest -->
        <test-method is-config="true" signature="tearDown()[pri:0, instance:testCases.AddToCart@60df60da]" started-at="2026-08-19T15:42:11 EDT" name="tearDown" finished-at="2026-08-19T15:42:12 EDT" duration-ms="517" status="PASS">
          <reporter-output>
          </reporter-output>
        </test-method> <!-- tearDown -->
      </class> <!-- testCases.AddToCart -->
      <class name="testCases.ValidateToastMessage">
        <test-method is-config="true" signature="ConfigureAppium(java.lang.String,java.lang.String)[pri:0, instance:testCases.ValidateToastMessage@14fc1f0]" started-at="2026-08-19T15:42:33 EDT" name="ConfigureAppium" finished-at="2026-08-19T15:42:38 EDT" duration-ms="4319" status="PASS">
          <params>
            <param index="0">
              <value>
                <![CDATA[emulator-5554]]>
              </value>
            </param>
            <param index="1">
              <value>
                <![CDATA[8200]]>
              </value>
            </param>
          </params>
          <reporter-output>
          </reporter-output>
        </test-method> <!-- ConfigureAppium -->
        <test-method signature="ValidateToastMessageTest()[pri:0, instance:testCases.ValidateToastMessage@14fc1f0]" started-at="2026-08-19T15:42:38 EDT" name="ValidateToastMessageTest" finished-at="2026-08-19T15:42:43 EDT" duration-ms="5131" status="PASS">
          <reporter-output>
          </reporter-output>
        </test-method> <!-- ValidateToastMessageTest -->
        <test-method is-config="true" signature="tearDown()[pri:0, instance:testCases.ValidateToastMessage@14fc1f0]" started-at="2026-08-19T15:42:43 EDT" name="tearDown" finished-at="2026-08-19T15:42:43 EDT" duration-ms="560" status="PASS">
          <reporter-output>
          </reporter-output>
        </test-method> <!-- tearDown -->
      </class> <!-- testCases.ValidateToastMessage -->
      <class name="testCases.LetsShop">
        <test-method is-config="true" signature="ConfigureAppium(java.lang.String,java.lang.String)[pri:0, instance:testCases.LetsShop@21337f7b]" started-at="2026-08-19T15:41:08 EDT" name="ConfigureAppium" finished-at="2026-08-19T15:41:13 EDT" duration-ms="4519" status="PASS">
          <params>
            <param index="0">
              <value>
                <![CDATA[emulator-5554]]>
              </value>
            </param>
            <param index="1">
              <value>
                <![CDATA[8200]]>
              </value>
            </param>
          </params>
          <reporter-output>
          </reporter-output>
        </test-method> <!-- ConfigureAppium -->
        <test-method signature="LetsShopTest()[pri:0, instance:testCases.LetsShop@21337f7b]" started-at="2026-08-19T15:41:13 EDT" name="LetsShopTest" finished-at="2026-08-19T15:41:19 EDT" duration-ms="6864" status="PASS">
          <reporter-output>
          </reporter-output>
        </test-method> <!-- LetsShopTest -->
        <test-method is-config="true" signature="tearDown()[pri:0, instance:testCases.LetsShop@21337f7b]" started-at="2026-08-19T15:41:19 EDT" name="tearDown" finished-at="2026-08-19T15:41:20 EDT" duration-ms="561" status="PASS">
          <reporter-output>
          </reporter-output>
        </test-method> <!-- tearDown -->
      </class> <!-- testCases.LetsShop -->
      <class name="testCases.CompletePurchase">
        <test-method is-config="true" signature="ConfigureAppium(java.lang.String,java.lang.String)[pri:0, instance:testCases.CompletePurchase@7a362b6b]" started-at="2026-08-19T15:41:20 EDT" name="ConfigureAppium" finished-at="2026-08-19T15:41:24 EDT" duration-ms="4189" status="PASS">
          <params>
            <param index="0">
              <value>
                <![CDATA[emulator-5554]]>
              </value>
            </param>
            <param index="1">
              <value>
                <![CDATA[8200]]>
              </value>
            </param>
          </params>
          <reporter-output>
          </reporter-output>
        </test-method> <!-- ConfigureAppium -->
        <test-method signature="CompletePurchaseTest()[pri:0, instance:testCases.CompletePurchase@7a362b6b]" started-at="2026-08-19T15:41:24 EDT" name="CompletePurchaseTest" finished-at="2026-08-19T15:41:49 EDT" duration-ms="24627" status="PASS">
          <reporter-output>
          </reporter-output>
        </test-method> <!-- CompletePurchaseTest -->
        <test-method is-config="true" signature="tearDown()[pri:0, instance:testCases.CompletePurchase@7a362b6b]" started-at="2026-08-19T15:41:49 EDT" name="tearDown" finished-at="2026-08-19T15:41:50 EDT" duration-ms="755" status="PASS">
          <reporter-output>
          </reporter-output>
        </test-method> <!-- tearDown -->
      </class> <!-- testCases.CompletePurchase -->
    </test> <!-- AndroidDeviceTest -->
  </suite> <!-- Suite -->
</testng-results>
