<?xml version="1.0" encoding="UTF-8"?>
<testsuite xmlns:xsi="http://www.w3.org/2001/XMLSchema-instance" xsi:noNamespaceSchemaLocation="https://maven.apache.org/surefire/maven-surefire-plugin/xsd/surefire-test-report.xsd" version="3.0.2" name="TestSuite" time="180.452" tests="7" errors="0" skipped="0" failures="0">
  <properties>
[...]
</properties>
  <testcase name="LaunchAppTest" classname="testCases.LaunchApp" time="4.449">
    <system-err><![CDATA[SLF4J(W): No SLF4J providers were found.
SLF4J(W): Defaulting to no-operation (NOP) logger implementation
SLF4J(W): See https://www.slf4j.org/codes.html#noProviders for further details.
SLF4J(W): Class path contains SLF4J bindings targeting slf4j-api versions 1.7.x or earlier.
SLF4J(W): Ignoring binding found at [jar:file:/C:/Users/Affan/.m2/repository/org/apache/logging/log4j/log4j-slf4j-impl/2.26.1/log4j-slf4j-impl-2.26.1.jar!/org/slf4j/impl/StaticLoggerBinder.class]
SLF4J(W): See https://www.slf4j.org/codes.html#ignoredBindings for an explanation.
2026-08-19T19:40:47.862972700Z main INFO Starting configuration XmlConfiguration[location=C:\Workspaces\QA bootcamp\MobileV3\target\test-classes\log4j2.xml, lastModified=2026-08-19T19:38:53.901Z]...
2026-08-19T19:40:47.863973900Z main INFO Configuration XmlConfiguration[location=C:\Workspaces\QA bootcamp\MobileV3\target\test-classes\log4j2.xml, lastModified=2026-08-19T19:38:53.901Z] started.
2026-08-19T19:40:47.865973700Z main INFO Stopping configuration org.apache.logging.log4j.core.config.DefaultConfiguration@4b29d1d2...
2026-08-19T19:40:47.865973700Z main INFO Configuration org.apache.logging.log4j.core.config.DefaultConfiguration@4b29d1d2 stopped.
]]></system-err>
  </testcase>
  <testcase name="LetsShopTest" classname="testCases.LetsShop" time="6.865"/>
  <testcase name="CompletePurchaseTest" classname="testCases.CompletePurchase" time="24.628"/>
  <testcase name="AddToCartTest" classname="testCases.AddToCart" time="16.281"/>
  <testcase name="AddToCartTest" classname="testCases.TermsAndConditions" time="16.958"/>
  <testcase name="ValidateToastMessageTest" classname="testCases.ValidateToastMessage" time="5.131"/>
  <testcase name="LetsShopTest" classname="testCases.ShopSelectingUnitedStates" time="58.66"/>
</testsuite>