<?xml version="1.0" encoding="UTF-8"?>
<testng-results ignored="0" total="7" passed="7" failed="0" skipped="0">
  <reporter-output>
  </reporter-output>
  <suite started-at="2026-08-19T15:46:47 EDT" name="Suite" finished-at="2026-08-19T15:49:41 EDT" duration-ms="173629">
    <groups>
    </groups>
    <test started-at="2026-08-19T15:46:47 EDT" name="AndroidDeviceTest" finished-at="2026-08-19T15:49:41 EDT" duration-ms="173629">
      <class name="testCases.ShopSelectingUnitedStates">
        <test-method is-config="true" signature="ConfigureAppium(java.lang.String,java.lang.String)[pri:0, instance:testCases.ShopSelectingUnitedStates@177bea38]" started-at="2026-08-19T15:48:38 EDT" name="ConfigureAppium" finished-at="2026-08-19T15:48:42 EDT" duration-ms="4467" status="PASS">
          <params>
            <param index="0">
              <value>
                <![CDATA[emulator-5554]]>
              </value>
            </param>
            <param index="1">
              <value>
                <![CDATA[8200]]>
              </value>
            </param>
          </params>
          <reporter-output>
          </reporter-output>
        </test-method> <!-- ConfigureAppium -->
        <test-method signature="LetsShopTest()[pri:0, instance:testCases.ShopSelectingUnitedStates@177bea38]" started-at="2026-08-19T15:48:42 EDT" name="LetsShopTest" finished-at="2026-08-19T15:49:40 EDT" duration-ms="58114" status="PASS">
          <reporter-output>
          </reporter-output>
        </test-method> <!-- LetsShopTest -->
        <test-method is-config="true" signature="tearDown()[pri:0, instance:testCases.ShopSelectingUnitedStates@177bea38]" started-at="2026-08-19T15:49:40 EDT" name="tearDown" finished-at="2026-08-19T15:49:41 EDT" duration-ms="502" status="PASS">
          <reporter-output>
          </reporter-output>
        </test-method> <!-- tearDown -->
      </class> <!-- testCases.ShopSelectingUnitedStates -->
      <class name="testCases.TermsAndConditions">
        <test-method is-config="true" signature="ConfigureAppium(java.lang.String,java.lang.String)[pri:0, instance:testCases.TermsAndConditions@1921ad94]" started-at="2026-08-19T15:48:08 EDT" name="ConfigureAppium" finished-at="2026-08-19T15:48:12 EDT" duration-ms="4283" status="PASS">
          <params>
            <param index="0">
              <value>
                <![CDATA[emulator-5554]]>
              </value>
            </param>
            <param index="1">
              <value>
                <![CDATA[8200]]>
              </value>
            </param>
          </params>
          <reporter-output>
          </reporter-output>
        </test-method> <!-- ConfigureAppium -->
        <test-method signature="AddToCartTest()[pri:0, instance:testCases.TermsAndConditions@1921ad94]" started-at="2026-08-19T15:48:12 EDT" name="AddToCartTest" finished-at="2026-08-19T15:48:27 EDT" duration-ms="15174" status="PASS">
          <reporter-output>
          </reporter-output>
        </test-method> <!-- AddToCartTest -->
        <test-method is-config="true" signature="tearDown()[pri:0, instance:testCases.TermsAndConditions@1921ad94]" started-at="2026-08-19T15:48:27 EDT" name="tearDown" finished-at="2026-08-19T15:48:28 EDT" duration-ms="522" status="PASS">
          <reporter-output>
          </reporter-output>
        </test-method> <!-- tearDown -->
      </class> <!-- testCases.TermsAndConditions -->
      <class name="testCases.LaunchApp">
        <test-method is-config="true" signature="ConfigureAppium(java.lang.String,java.lang.String)[pri:0, instance:testCases.LaunchApp@3c9c0d96]" started-at="2026-08-19T15:46:47 EDT" name="ConfigureAppium" finished-at="2026-08-19T15:46:52 EDT" duration-ms="4404" status="PASS">
          <params>
            <param index="0">
              <value>
                <![CDATA[emulator-5554]]>
              </value>
            </param>
            <param index="1">
              <value>
                <![CDATA[8200]]>
              </value>
            </param>
          </params>
          <reporter-output>
          </reporter-output>
        </test-method> <!-- ConfigureAppium -->
        <test-method signature="LaunchAppTest()[pri:0, instance:testCases.LaunchApp@3c9c0d96]" started-at="2026-08-19T15:46:52 EDT" name="LaunchAppTest" finished-at="2026-08-19T15:46:56 EDT" duration-ms="4516" status="PASS">
          <reporter-output>
          </reporter-output>
        </test-method> <!-- LaunchAppTest -->
        <test-method is-config="true" signature="tearDown()[pri:0, instance:testCases.LaunchApp@3c9c0d96]" started-at="2026-08-19T15:46:56 EDT" name="tearDown" finished-at="2026-08-19T15:46:57 EDT" duration-ms="730" status="PASS">
          <reporter-output>
          </reporter-output>
        </test-method> <!-- tearDown -->
      </class> <!-- testCases.LaunchApp -->
      <class name="testCases.AddToCart">
        <test-method is-config="true" signature="ConfigureAppium(java.lang.String,java.lang.String)[pri:0, instance:testCases.AddToCart@10cf09e8]" started-at="2026-08-19T15:47:44 EDT" name="ConfigureAppium" finished-at="2026-08-19T15:47:51 EDT" duration-ms="7073" status="PASS">
          <params>
            <param index="0">
              <value>
                <![CDATA[emulator-5554]]>
              </value>
            </param>
            <param index="1">
              <value>
                <![CDATA[8200]]>
              </value>
            </param>
          </params>
          <reporter-output>
          </reporter-output>
        </test-method> <!-- ConfigureAppium -->
        <test-method signature="AddToCartTest()[pri:0, instance:testCases.AddToCart@10cf09e8]" started-at="2026-08-19T15:47:51 EDT" name="AddToCartTest" finished-at="2026-08-19T15:48:07 EDT" duration-ms="15817" status="PASS">
          <reporter-output>
          </reporter-output>
        </test-method> <!-- AddToCartTest -->
        <test-method is-config="true" signature="tearDown()[pri:0, instance:testCases.AddToCart@10cf09e8]" started-at="2026-08-19T15:48:07 EDT" name="tearDown" finished-at="2026-08-19T15:48:08 EDT" duration-ms="541" status="PASS">
          <reporter-output>
          </reporter-output>
        </test-method> <!-- tearDown -->
      </class> <!-- testCases.AddToCart -->
      <class name="testCases.ValidateToastMessage">
        <test-method is-config="true" signature="ConfigureAppium(java.lang.String,java.lang.String)[pri:0, instance:testCases.ValidateToastMessage@ee86bcb]" started-at="2026-08-19T15:48:28 EDT" name="ConfigureAppium" finished-at="2026-08-19T15:48:32 EDT" duration-ms="4317" status="PASS">
          <params>
            <param index="0">
              <value>
                <![CDATA[emulator-5554]]>
              </value>
            </param>
            <param index="1">
              <value>
                <![CDATA[8200]]>
              </value>
            </param>
          </params>
          <reporter-output>
          </reporter-output>
        </test-method> <!-- ConfigureAppium -->
        <test-method signature="ValidateToastMessageTest()[pri:0, instance:testCases.ValidateToastMessage@ee86bcb]" started-at="2026-08-19T15:48:32 EDT" name="ValidateToastMessageTest" finished-at="2026-08-19T15:48:37 EDT" duration-ms="5091" status="PASS">
          <reporter-output>
          </reporter-output>
        </test-method> <!-- ValidateToastMessageTest -->
        <test-method is-config="true" signature="tearDown()[pri:0, instance:testCases.ValidateToastMessage@ee86bcb]" started-at="2026-08-19T15:48:37 EDT" name="tearDown" finished-at="2026-08-19T15:48:38 EDT" duration-ms="471" status="PASS">
          <reporter-output>
          </reporter-output>
        </test-method> <!-- tearDown -->
      </class> <!-- testCases.ValidateToastMessage -->
      <class name="testCases.LetsShop">
        <test-method is-config="true" signature="ConfigureAppium(java.lang.String,java.lang.String)[pri:0, instance:testCases.LetsShop@7e6ef134]" started-at="2026-08-19T15:46:57 EDT" name="ConfigureAppium" finished-at="2026-08-19T15:47:01 EDT" duration-ms="4303" status="PASS">
          <params>
            <param index="0">
              <value>
                <![CDATA[emulator-5554]]>
              </value>
            </param>
            <param index="1">
              <value>
                <![CDATA[8200]]>
              </value>
            </param>
          </params>
          <reporter-output>
          </reporter-output>
        </test-method> <!-- ConfigureAppium -->
        <test-method signature="LetsShopTest()[pri:0, instance:testCases.LetsShop@7e6ef134]" started-at="2026-08-19T15:47:01 EDT" name="LetsShopTest" finished-at="2026-08-19T15:47:09 EDT" duration-ms="7400" status="PASS">
          <reporter-output>
          </reporter-output>
        </test-method> <!-- LetsShopTest -->
        <test-method is-config="true" signature="tearDown()[pri:0, instance:testCases.LetsShop@7e6ef134]" started-at="2026-08-19T15:47:09 EDT" name="tearDown" finished-at="2026-08-19T15:47:09 EDT" duration-ms="641" status="PASS">
          <reporter-output>
          </reporter-output>
        </test-method> <!-- tearDown -->
      </class> <!-- testCases.LetsShop -->
      <class name="testCases.CompletePurchase">
        <test-method is-config="true" signature="ConfigureAppium(java.lang.String,java.lang.String)[pri:0, instance:testCases.CompletePurchase@40db2a24]" started-at="2026-08-19T15:47:09 EDT" name="ConfigureAppium" finished-at="2026-08-19T15:47:15 EDT" duration-ms="6065" status="PASS">
          <params>
            <param index="0">
              <value>
                <![CDATA[emulator-5554]]>
              </value>
            </param>
            <param index="1">
              <value>
                <![CDATA[8200]]>
              </value>
            </param>
          </params>
          <reporter-output>
          </reporter-output>
        </test-method> <!-- ConfigureAppium -->
        <test-method signature="CompletePurchaseTest()[pri:0, instance:testCases.CompletePurchase@40db2a24]" started-at="2026-08-19T15:47:15 EDT" name="CompletePurchaseTest" finished-at="2026-08-19T15:47:43 EDT" duration-ms="27368" status="PASS">
          <reporter-output>
          </reporter-output>
        </test-method> <!-- CompletePurchaseTest -->
        <test-method is-config="true" signature="tearDown()[pri:0, instance:testCases.CompletePurchase@40db2a24]" started-at="2026-08-19T15:47:43 EDT" name="tearDown" finished-at="2026-08-19T15:47:44 EDT" duration-ms="1642" status="PASS">
          <reporter-output>
          </reporter-output>
        </test-method> <!-- tearDown -->
      </class> <!-- testCases.CompletePurchase -->
    </test> <!-- AndroidDeviceTest -->
  </suite> <!-- Suite -->
</testng-results>
